<?xml version="1.0" encoding="UTF-8"?>
<TestRun id="ba22b40c-433d-4ca5-84da-eef03d8d276a" name="benjaminjcampbell@AFSPCHPA4130QN8 2015-08-28 16:19:13" runUser="USDA\benjaminjcampbell" xmlns="http://microsoft.com/schemas/VisualStudio/TeamTest/2006">
  <TestRunConfiguration name="Local Test Run" id="d257f386-bee2-4965-8853-3baf38a920b7">
    <Description>This is a default test run configuration for a local test run.</Description>
    <Deployment runDeploymentRoot="C:\Users\benjaminjcampbell\Documents\GitHub\CruiseDAL\TestResults\benjaminjcampbell_AFSPCHPA4130QN8 2015-08-28 16_19_13">
      <DeploymentItem filename="C:\Users\benjaminjcampbell\Documents\GitHub\CruiseDAL\CruiseDAL\bin\x86\Debug\net35\CruiseDAL.dll" />
      <DeploymentItem filename="CruiseDALTest\TestResources\" />
      <DeploymentItem filename="C:\Users\benjaminjcampbell\Documents\GitHub\CruiseDAL\SQLite\System.Data.SQLite.dll" />
    </Deployment>
    <TestTypeSpecific />
  </TestRunConfiguration>
  <ResultSummary outcome="Completed">
    <Counters total="1" executed="1" passed="1" error="0" failed="0" timeout="0" aborted="0" inconclusive="0" passedButRunAborted="0" notRunnable="0" notExecuted="0" disconnected="0" warning="0" completed="0" inProgress="0" pending="0" />
  </ResultSummary>
  <Times creation="2015-08-28T16:19:13.6571944-06:00" queuing="2015-08-28T16:19:13.8771944-06:00" start="2015-08-28T16:19:14.0271944-06:00" finish="2015-08-28T16:19:14.2171944-06:00" />
  <TestDefinitions>
    <UnitTest name="Test_VanillaMultiTypeObject" storage="c:\users\benjaminjcampbell\documents\github\cruisedal\cruisedaltest\bin\x86\debug\cruisedaltest.dll" id="de4772ae-feed-77e1-29b5-e3c24379c172">
      <Css projectStructure="" iteration="" />
      <Owners>
        <Owner name="" />
      </Owners>
      <Execution id="cb4152a2-5a6b-413f-a44a-9c3c2645be3c" />
      <TestMethod codeBase="C:\Users\benjaminjcampbell\Documents\GitHub\CruiseDAL\CruiseDALTest\bin\x86\Debug\CruiseDALTest.dll" adapterTypeName="Microsoft.VisualStudio.TestTools.TestTypes.Unit.UnitTestAdapter, Microsoft.VisualStudio.QualityTools.Tips.UnitTest.Adapter, Version=9.0.0.0, Culture=neutral, PublicKeyToken=b03f5f7f11d50a3a" className="CruiseDAL.BaseDAL.Tests.DataObjectDescriptionTest, CruiseDALTest" name="Test_VanillaMultiTypeObject" />
    </UnitTest>
  </TestDefinitions>
  <TestLists>
    <TestList name="Results Not in a List" id="8c84fa94-04c1-424b-9868-57a2d4851a1d" />
    <TestList name="All Loaded Results" id="19431567-8539-422a-85d7-44ee4e166bda" />
  </TestLists>
  <TestEntries>
    <TestEntry testId="de4772ae-feed-77e1-29b5-e3c24379c172" executionId="cb4152a2-5a6b-413f-a44a-9c3c2645be3c" testListId="8c84fa94-04c1-424b-9868-57a2d4851a1d" />
  </TestEntries>
  <Results>
    <UnitTestResult executionId="cb4152a2-5a6b-413f-a44a-9c3c2645be3c" testId="de4772ae-feed-77e1-29b5-e3c24379c172" testName="Test_VanillaMultiTypeObject" computerName="AFSPCHPA4130QN8" duration="00:00:00.0098580" startTime="2015-08-28T16:19:14.0271944-06:00" endTime="2015-08-28T16:19:14.2071944-06:00" testType="13cdc9d9-ddb5-4fa4-a97d-d965ccfc6d4b" outcome="Passed" testListId="8c84fa94-04c1-424b-9868-57a2d4851a1d">
      <Output>
      </Output>
    </UnitTestResult>
  </Results>
</TestRun>